The system is: Linux - 5.10.102.1-microsoft-standard-WSL2 - x86_64
Compiling the C compiler identification source file "CMakeCCompilerId.c" succeeded.
Compiler: /usr/bin/gcc 
Build flags: 
Id flags:  

The output was:
0


Compilation of the C compiler identification source "CMakeCCompilerId.c" produced "a.out"

The C compiler identification is GNU, found in "/home/juwonpee/Vault/projects/ascii/build/CMakeFiles/3.22.1/CompilerIdC/a.out"

Compiling the CXX compiler identification source file "CMakeCXXCompilerId.cpp" succeeded.
Compiler: /usr/bin/g++ 
Build flags: 
Id flags:  

The output was:
0


Compilation of the CXX compiler identification source "CMakeCXXCompilerId.cpp" produced "a.out"

The CXX compiler identification is GNU, found in "/home/juwonpee/Vault/projects/ascii/build/CMakeFiles/3.22.1/CompilerIdCXX/a.out"

Determining if the C compiler works passed with the following output:
Change Dir: /home/juwonpee/Vault/projects/ascii/build/CMakeFiles/CMakeTmp

Run Build Command(s):/usr/bin/ninja cmTC_886ca && [1/2] Building C object CMakeFiles/cmTC_886ca.dir/testCCompiler.c.o
[2/2] Linking C executable cmTC_886ca



Determining if the CXX compiler works passed with the following output:
Change Dir: /home/juwonpee/Vault/projects/ascii/build/CMakeFiles/CMakeTmp

Run Build Command(s):/usr/bin/ninja cmTC_d79e5 && [1/2] Building CXX object CMakeFiles/cmTC_d79e5.dir/testCXXCompiler.cxx.o
[2/2] Linking CXX executable cmTC_d79e5



